#
# A fatal error has been detected by the Java Runtime Environment:
#
#  EXCEPTION_ACCESS_VIOLATION (0xc0000005) at pc=0x00007ff83fa188c8, pid=4516, tid=10312
#
# JRE version:  (11.0.6+8) (build )
# Java VM: OpenJDK 64-Bit Server VM (11.0.6+8-b520.43, mixed mode, sharing, tiered, compressed oops, g1 gc, windows-amd64)
# Problematic frame:
# V  [jvm.dll+0x5888c8]
#
# No core dump will be written. Minidumps are not enabled by default on client versions of Windows
#
# If you would like to submit a bug report, please visit:
#   http://bugreport.java.com/bugreport/crash.jsp
#

---------------  S U M M A R Y ------------

Command Line: -XX:TieredStopAtLevel=1 -Xverify:none -Dspring.output.ansi.enabled=always -Dcom.sun.management.jmxremote -Dspring.jmx.enabled=true -Dspring.liveBeansView.mbeanDomain -Dspring.application.admin.enabled=true -javaagent:C:\Program Files\JetBrains\IntelliJ IDEA 2019.3.2\lib\idea_rt.jar=57929:C:\Program Files\JetBrains\IntelliJ IDEA 2019.3.2\bin -Dfile.encoding=UTF-8 com.example.giveandtake.GiveandtakeApplication

Host: Intel(R) Core(TM) i5-1035G7 CPU @ 1.20GHz, 8 cores, 15G,  Windows 10 , 64 bit Build 18362 (10.0.18362.329)
Time: Thu Apr  9 22:04:49 2020 ¢¥eCN©öI¡¾©ö C¡ÍA¨ª¨öA elapsed time: 0 seconds (0d 0h 0m 0s)

---------------  T H R E A D  ---------------

Current thread (0x000002da2837c800):  JavaThread "Unknown thread" [_thread_in_vm, id=10312, stack(0x000000f884300000,0x000000f884400000)]

Stack: [0x000000f884300000,0x000000f884400000],  sp=0x000000f8843fec70,  free space=1019k
Native frames: (J=compiled Java code, j=interpreted, Vv=VM code, C=native code)
V  [jvm.dll+0x5888c8]
V  [jvm.dll+0x58941e]
V  [jvm.dll+0x1d5d3d]
V  [jvm.dll+0x1d66d3]
V  [jvm.dll+0x71c036]
V  [jvm.dll+0x71c0ce]
V  [jvm.dll+0x722e21]
V  [jvm.dll+0x71961e]
V  [jvm.dll+0x355a6a]
V  [jvm.dll+0x6d49ee]
V  [jvm.dll+0x3bf0a3]
V  [jvm.dll+0x3c15c1]
C  [jli.dll+0x5363]
C  [ucrtbase.dll+0x20e72]
C  [KERNEL32.DLL+0x17bd4]
C  [ntdll.dll+0x6ced1]


siginfo: EXCEPTION_ACCESS_VIOLATION (0xc0000005), reading address 0x000002da2cde0070


Registers:
RAX=0x000000f8843fecb0, RBX=0x000002da2cde0000, RCX=0x000000000e8c0000, RDX=0x0000000000000000
RSP=0x000000f8843fec70, RBP=0x000000f8843fee70, RSI=0x0000000000000001, RDI=0x0000000000000000
R8 =0x00007ff83fcda0d0, R9 =0x0000000000740000, R10=0x000002da2620be50, R11=0x000000f8843feca8
R12=0x000002da2837cf60, R13=0x000002da2837d308, R14=0x000002da2c430910, R15=0x000002da2837cf20
RIP=0x00007ff83fa188c8, EFLAGS=0x0000000000010206

Top of Stack: (sp=0x000000f8843fec70)
0x000000f8843fec70:   000002da261f54d0 000000f8843fee70
0x000000f8843fec80:   0000000000000001 000002da2837cf60
0x000000f8843fec90:   0000000000270000 0000000000000b00
0x000000f8843feca0:   0000000000270000 0000000000740000
0x000000f8843fecb0:   0000000000270000 0000000000000000
0x000000f8843fecc0:   0000000000270000 000000000e8c0000
0x000000f8843fecd0:   000002da261f54d0 00007ff83fa1941e
0x000000f8843fece0:   00000000ffffffff 0000000000000000
0x000000f8843fecf0:   000002da2837cf20 0000000000000000
0x000000f8843fed00:   0000000000000008 00007ff83f665d3d
0x000000f8843fed10:   000002da28377910 ffffffffffffffff
0x000000f8843fed20:   000002da2837cf20 0000000000000000
0x000000f8843fed30:   0000000000000000 00007ff83f6666d3
0x000000f8843fed40:   000000f8843fee30 0000000000000000
0x000000f8843fed50:   000000f8843fee30 000002da2837cf60
0x000000f8843fed60:   000002da2c430980 00007ff83fbac036 

Instructions: (pc=0x00007ff83fa188c8)
0x00007ff83fa187c8:   cc cc cc cc cc cc cc cc 48 89 5c 24 08 48 89 6c
0x00007ff83fa187d8:   24 10 48 89 74 24 18 48 89 7c 24 20 41 56 48 83
0x00007ff83fa187e8:   ec 20 48 8b f1 4c 8b f2 b9 01 00 00 00 e8 46 1a
0x00007ff83fa187f8:   00 00 33 c9 48 8b e8 e8 3c 1a 00 00 48 8b 7e 18
0x00007ff83fa18808:   48 03 e8 48 8b 06 48 8b ce ff 10 48 8b 16 48 8b
0x00007ff83fa18818:   ce 48 8b d8 ff 52 18 48 8b 74 24 40 49 89 46 08
0x00007ff83fa18828:   49 8b c6 49 89 3e 48 8b 7c 24 48 49 89 6e 10 48
0x00007ff83fa18838:   8b 6c 24 38 49 89 5e 18 48 8b 5c 24 30 48 83 c4
0x00007ff83fa18848:   20 41 5e c3 cc cc cc cc 48 89 5c 24 08 57 48 83
0x00007ff83fa18858:   ec 20 48 8b 02 48 8b da 48 8b f9 48 8d 91 c0 00
0x00007ff83fa18868:   00 00 48 8b cb ff 50 08 48 8b 8f b0 00 00 00 48
0x00007ff83fa18878:   85 c9 74 08 48 8b d3 e8 2c d0 f8 ff 48 8b 8f b8
0x00007ff83fa18888:   00 00 00 48 85 c9 74 08 48 8b d3 e8 18 d0 f8 ff
0x00007ff83fa18898:   48 8b 5c 24 30 48 83 c4 20 5f c3 cc cc cc cc cc
0x00007ff83fa188a8:   cc cc cc cc cc cc cc cc 40 53 48 83 ec 60 48 8b
0x00007ff83fa188b8:   01 48 8d 54 24 40 48 8b d9 ff 50 10 48 8b 53 68
0x00007ff83fa188c8:   4c 8b 43 70 4c 8b 4b 78 48 39 54 24 48 48 8b 43
0x00007ff83fa188d8:   18 48 0f 47 54 24 48 4c 39 44 24 50 48 89 44 24
0x00007ff83fa188e8:   20 4c 0f 47 44 24 50 4c 39 4c 24 58 48 89 54 24
0x00007ff83fa188f8:   28 4c 0f 47 4c 24 58 0f 10 44 24 20 4c 89 4c 24
0x00007ff83fa18908:   38 4c 89 44 24 30 0f 10 4c 24 30 0f 11 43 60 0f
0x00007ff83fa18918:   11 4b 70 48 83 c4 60 5b c3 cc cc cc cc cc cc cc
0x00007ff83fa18928:   cc cc cc cc cc cc cc cc 48 89 5c 24 08 57 48 83
0x00007ff83fa18938:   ec 20 45 33 c0 48 8b da 48 8b f9 41 8d 50 07 8d
0x00007ff83fa18948:   4a 39 e8 51 7a b2 ff 48 85 c0 74 0d 48 8b c8 e8
0x00007ff83fa18958:   64 ca f8 ff 48 8b d0 eb 02 33 d2 48 85 db 75 15
0x00007ff83fa18968:   48 89 1a 48 89 97 b8 00 00 00 48 8b 5c 24 30 48
0x00007ff83fa18978:   83 c4 20 5f c3 48 8b 03 48 8b 5c 24 30 48 89 02
0x00007ff83fa18988:   48 89 97 b8 00 00 00 48 83 c4 20 5f c3 cc cc cc
0x00007ff83fa18998:   cc cc cc cc cc cc cc cc 48 89 5c 24 08 57 48 83
0x00007ff83fa189a8:   ec 20 45 33 c0 48 8b da 48 8b f9 41 8d 50 07 8d
0x00007ff83fa189b8:   4a 39 e8 e1 79 b2 ff 48 85 c0 74 0d 48 8b c8 e8 



---------------  P R O C E S S  ---------------

Threads class SMR info:
_java_thread_list=0x000002da2620d100, length=0, elements={
}

Java Threads: ( => current thread )

Other Threads:

[error occurred during error reporting (printing all threads), id 0xc0000005, EXCEPTION_ACCESS_VIOLATION (0xc0000005) at pc=0x00007ff83fb693fe]

VM state:not at safepoint (not fully initialized)

VM Mutex/Monitor currently owned by a thread: None


[error occurred during error reporting (printing compressed oops mode), id 0xc0000005, EXCEPTION_ACCESS_VIOLATION (0xc0000005) at pc=0x00007ff83fb806e7]

Deoptimization events (0 events):
No events

Classes redefined (0 events):
No events

Internal exceptions (0 events):
No events

Events (2 events):
Event: 0.006 Loaded shared library C:\Program Files\JetBrains\IntelliJ IDEA 2019.3.2\jbr\bin\zip.dll
Event: 0.006 Loaded shared library C:\Program Files\JetBrains\IntelliJ IDEA 2019.3.2\jbr\bin\jimage.dll


Dynamic libraries:
0x00007ff6a9ea0000 - 0x00007ff6a9eaa000 	C:\Program Files\JetBrains\IntelliJ IDEA 2019.3.2\jbr\bin\java.exe
0x00007ff891260000 - 0x00007ff891450000 	C:\WINDOWS\SYSTEM32\ntdll.dll
0x00007ff88f310000 - 0x00007ff88f3c2000 	C:\WINDOWS\System32\KERNEL32.DLL
0x00007ff88e1f0000 - 0x00007ff88e493000 	C:\WINDOWS\System32\KERNELBASE.dll
0x00007ff88ef40000 - 0x00007ff88f03a000 	C:\WINDOWS\System32\ucrtbase.dll
0x00007ff88c770000 - 0x00007ff88c789000 	C:\Program Files\JetBrains\IntelliJ IDEA 2019.3.2\jbr\bin\jli.dll
0x00007ff8869e0000 - 0x00007ff8869f7000 	C:\Program Files\JetBrains\IntelliJ IDEA 2019.3.2\jbr\bin\VCRUNTIME140.dll
0x00007ff88f9a0000 - 0x00007ff88fb34000 	C:\WINDOWS\System32\USER32.dll
0x00007ff88e670000 - 0x00007ff88e691000 	C:\WINDOWS\System32\win32u.dll
0x00007ff88d5c0000 - 0x00007ff88d845000 	C:\WINDOWS\WinSxS\amd64_microsoft.windows.common-controls_6595b64144ccf1df_6.0.18362.720_none_e6beb5c51314836b\COMCTL32.dll
0x00007ff88fcf0000 - 0x00007ff88fd8e000 	C:\WINDOWS\System32\msvcrt.dll
0x00007ff88fd90000 - 0x00007ff88fdb6000 	C:\WINDOWS\System32\GDI32.dll
0x00007ff890ca0000 - 0x00007ff890fd6000 	C:\WINDOWS\System32\combase.dll
0x00007ff88f0a0000 - 0x00007ff88f234000 	C:\WINDOWS\System32\gdi32full.dll
0x00007ff890ab0000 - 0x00007ff890bd0000 	C:\WINDOWS\System32\RPCRT4.dll
0x00007ff88eea0000 - 0x00007ff88ef3e000 	C:\WINDOWS\System32\msvcp_win.dll
0x00007ff88e4a0000 - 0x00007ff88e520000 	C:\WINDOWS\System32\bcryptPrimitives.dll
0x00007ff891000000 - 0x00007ff89102e000 	C:\WINDOWS\System32\IMM32.DLL
0x00007ff86e8f0000 - 0x00007ff86e98d000 	C:\Program Files\JetBrains\IntelliJ IDEA 2019.3.2\jbr\bin\msvcp140.dll
0x00007ff83f490000 - 0x00007ff83ff4d000 	C:\Program Files\JetBrains\IntelliJ IDEA 2019.3.2\jbr\bin\server\jvm.dll
0x00007ff890010000 - 0x00007ff8900b3000 	C:\WINDOWS\System32\ADVAPI32.dll
0x00007ff88fb40000 - 0x00007ff88fbd7000 	C:\WINDOWS\System32\sechost.dll
0x00007ff88fdc0000 - 0x00007ff88fdc8000 	C:\WINDOWS\System32\PSAPI.DLL
0x00007ff88ca10000 - 0x00007ff88ca19000 	C:\WINDOWS\SYSTEM32\WSOCK32.dll
0x00007ff889b10000 - 0x00007ff889b34000 	C:\WINDOWS\SYSTEM32\WINMM.dll
0x00007ff88bc00000 - 0x00007ff88bc0a000 	C:\WINDOWS\SYSTEM32\VERSION.dll
0x00007ff88ffa0000 - 0x00007ff89000f000 	C:\WINDOWS\System32\WS2_32.dll
0x00007ff889ae0000 - 0x00007ff889b0d000 	C:\WINDOWS\SYSTEM32\WINMMBASE.dll
0x00007ff88e6d0000 - 0x00007ff88e71a000 	C:\WINDOWS\System32\cfgmgr32.dll
0x00007ff88e130000 - 0x00007ff88e141000 	C:\WINDOWS\System32\kernel.appcore.dll
0x00007ff88c750000 - 0x00007ff88c761000 	C:\Program Files\JetBrains\IntelliJ IDEA 2019.3.2\jbr\bin\verify.dll
0x00007ff88dc40000 - 0x00007ff88de34000 	C:\WINDOWS\SYSTEM32\DBGHELP.DLL
0x00007ff88db50000 - 0x00007ff88db7a000 	C:\WINDOWS\SYSTEM32\dbgcore.DLL
0x00007ff88c6a0000 - 0x00007ff88c6c9000 	C:\Program Files\JetBrains\IntelliJ IDEA 2019.3.2\jbr\bin\java.dll
0x00007ff8897a0000 - 0x00007ff8897af000 	C:\Program Files\JetBrains\IntelliJ IDEA 2019.3.2\jbr\bin\instrument.dll
0x00007ff88c4f0000 - 0x00007ff88c508000 	C:\Program Files\JetBrains\IntelliJ IDEA 2019.3.2\jbr\bin\zip.dll
0x00007ff88c4e0000 - 0x00007ff88c4eb000 	C:\Program Files\JetBrains\IntelliJ IDEA 2019.3.2\jbr\bin\jimage.dll

dbghelp: loaded successfully - version: 4.0.5 - missing functions: none
symbol engine: initialized successfully - sym options: 0x614 - pdb path: .;C:\Program Files\JetBrains\IntelliJ IDEA 2019.3.2\jbr\bin;C:\WINDOWS\SYSTEM32;C:\WINDOWS\WinSxS\amd64_microsoft.windows.common-controls_6595b64144ccf1df_6.0.18362.720_none_e6beb5c51314836b;C:\Program Files\JetBrains\IntelliJ IDEA 2019.3.2\jbr\bin\server

VM Arguments:
jvm_args: -XX:TieredStopAtLevel=1 -Xverify:none -Dspring.output.ansi.enabled=always -Dcom.sun.management.jmxremote -Dspring.jmx.enabled=true -Dspring.liveBeansView.mbeanDomain -Dspring.application.admin.enabled=true -javaagent:C:\Program Files\JetBrains\IntelliJ IDEA 2019.3.2\lib\idea_rt.jar=57929:C:\Program Files\JetBrains\IntelliJ IDEA 2019.3.2\bin -Dfile.encoding=UTF-8 
java_command: com.example.giveandtake.GiveandtakeApplication
java_class_path (initial): C:\Users\À¯½Â¾Æ\Desktop\giveandtake\build\classes\java\main;C:\Users\À¯½Â¾Æ\Desktop\giveandtake\build\resources\main;C:\Users\À¯½Â¾Æ\.gradle\caches\modules-2\files-2.1\org.springframework.boot\spring-boot-starter-websocket\2.2.4.RELEASE\eea08bc158a02cbe75c89ee9d01549d92d043639\spring-boot-starter-websocket-2.2.4.RELEASE.jar;C:\Users\À¯½Â¾Æ\.gradle\caches\modules-2\files-2.1\org.webjars\sockjs-client\1.0.2\38abdad784d10a7fd9e25af81bdf47016e8ee50d\sockjs-client-1.0.2.jar;C:\Users\À¯½Â¾Æ\.gradle\caches\modules-2\files-2.1\org.webjars\sockjs-client\1.1.2\10be7e6f6ac454fba22005ed81f773575292fd8b\sockjs-client-1.1.2.jar;C:\Users\À¯½Â¾Æ\.gradle\caches\modules-2\files-2.1\org.webjars\stomp-websocket\2.3.3\3ac153b386f7945bc756709df3d171105e8fd2d5\stomp-websocket-2.3.3.jar;C:\Users\À¯½Â¾Æ\.gradle\caches\modules-2\files-2.1\org.webjars\stomp-websocket\2.3.3-1\ed1cc277023a290954c9f3cd6214941ed504f6f6\stomp-websocket-2.3.3-1.jar;C:\Users\À¯½Â¾Æ\.gradle\caches\modules-2\files-2.1\org.springframework.boot\spring-boot-starter-data-jpa\2.2.4.RELEASE\374fc811a6e64632593cae83fe6786b1b93b574\spring-boot-starter-data-jpa-2.2.4.RELEASE.jar;C:\Users\À¯½Â¾Æ\.gradle\caches\modules-2\files-2.1\org.springframework.boot\spring-boot-starter-security\2.2.4.RELEASE\6ae84ac22148368eca716c64424e2f5d9db7a156\spring-boot-starter-security-2.2.4.RELEASE.jar;C:\Users\À¯½Â¾Æ\.gradle\caches\modules-2\files-2.1\org.springframework.security\spring-security-taglibs\5.2.1.RELEASE\85e6d900e5b7fab92e3a611529f596980c5ded59\spring-security-taglibs-5.2.1.RELEASE.jar;C:\Users\À¯½Â¾Æ\.gradle\caches\modules-2\files-2.1\org.springframework.security\spring-security-oauth2-client\5.2.1.RELEASE\59e694246038ccdd54ff6a7c733adfe26ea1b94e\spring-security-oauth2-client-5.2.1.RELEASE.jar;C:\Users\À¯½Â¾Æ\.gradle\caches\modules-2\files-2.1\org.springframework.security\spring-security-oauth2-jose\5.2.1.RELEASE\7e259de345915760c873c81bfdeaa24f91dd2834\spring-security-oauth2-jose-5.2.1.RELEASE.jar;C:\Us
Launcher Type: SUN_STANDARD

[Global flags]
     bool BytecodeVerificationLocal                = false                                     {product} {command line}
     bool BytecodeVerificationRemote               = false                                     {product} {command line}
     intx CICompilerCount                          = 4                                         {product} {ergonomic}
     uint G1ConcRefinementThreads                  = 8                                         {product} {ergonomic}
    uintx GCDrainStackTargetSize                   = 64                                        {product} {ergonomic}
   size_t InitialHeapSize                          = 264156544                                 {product} {ergonomic}
     bool ManagementServer                         = true                                      {product} {command line}
   size_t MaxHeapSize                              = 4226504704                                {product} {ergonomic}
    uintx NonNMethodCodeHeapSize                   = 7549744                                {pd product} {ergonomic}
    uintx NonProfiledCodeHeapSize                  = 244108496                              {pd product} {ergonomic}
    uintx ProfiledCodeHeapSize                     = 0                                      {pd product} {ergonomic}
    uintx ReservedCodeCacheSize                    = 251658240                              {pd product} {ergonomic}
     bool SegmentedCodeCache                       = true                                      {product} {ergonomic}
     intx TieredStopAtLevel                        = 1                                         {product} {command line}
     bool UseCompressedClassPointers               = true                                 {lp64_product} {ergonomic}
     bool UseCompressedOops                        = true                                 {lp64_product} {ergonomic}
     bool UseG1GC                                  = true                                      {product} {ergonomic}
     bool UseLargePagesIndividualAllocation        = false                                  {pd product} {ergonomic}

Logging:
Log output configuration:
 #0: stdout all=warning uptime,level,tags
 #1: stderr all=off uptime,level,tags

Environment Variables:
JAVA_HOME=C:\Program Files\Java\jdk-13.0.2
PATH=C:\Program Files (x86)\Common Files\Oracle\Java\javapath;C:\WINDOWS\system32;C:\WINDOWS;C:\WINDOWS\System32\Wbem;C:\WINDOWS\System32\WindowsPowerShell\v1.0\;C:\WINDOWS\System32\OpenSSH\;C:\Program Files\Git\cmd;C:\Program Files\Git\mingw64\bin;C:\Program Files\Git\usr\bin;C:\Users\À¯½Â¾Æ\AppData\Local\Programs\Python\Python38\Scripts;C:\Users\À¯½Â¾Æ\AppData\Local\Microsoft\WindowsApps;
USERNAME=À¯½Â¾Æ
OS=Windows_NT
PROCESSOR_IDENTIFIER=Intel64 Family 6 Model 126 Stepping 5, GenuineIntel



---------------  S Y S T E M  ---------------

OS: Windows 10 , 64 bit Build 18362 (10.0.18362.329)

CPU:total 8 (initial active 8) (4 cores per cpu, 2 threads per core) family 6 model 126 stepping 5, cmov, cx8, fxsr, mmx, sse, sse2, sse3, ssse3, sse4.1, sse4.2, popcnt, avx, avx2, aes, clmul, erms, 3dnowpref, lzcnt, ht, tsc, tscinvbit, bmi1, bmi2, adx, evex, sha, fma

Memory: 4k page, system-wide physical 16122M (8876M free)
TotalPageFile size 32506M (AvailPageFile size 21193M)
current process WorkingSet (physical memory assigned to process): 9M, peak: 9M
current process commit charge ("private bytes"): 8M, peak: 8M

vm_info: OpenJDK 64-Bit Server VM (11.0.6+8-b520.43) for windows-amd64 JRE (11.0.6+8-b520.43), built on Feb  3 2020 14:18:56 by "" with MS VC++ 14.0 (VS2015)

END.
